[debug] [2023-12-14T12:48:36.591Z] ----------------------------------------------------------------------
[debug] [2023-12-14T12:48:36.594Z] Command:       C:\Program Files\nodejs\node.exe C:\Users\qalam\AppData\Roaming\npm\node_modules\firebase-tools\lib\bin\firebase.js init
[debug] [2023-12-14T12:48:36.595Z] CLI Version:   12.4.5
[debug] [2023-12-14T12:48:36.596Z] Platform:      win32
[debug] [2023-12-14T12:48:36.596Z] Node Version:  v18.15.0
[debug] [2023-12-14T12:48:36.598Z] Time:          Thu Dec 14 2023 18:18:36 GMT+0530 (India Standard Time)
[debug] [2023-12-14T12:48:36.598Z] ----------------------------------------------------------------------
[debug] 
[debug] [2023-12-14T12:48:36.603Z] >>> [apiv2][query] GET https://firebase-public.firebaseio.com/cli.json [none]
[debug] [2023-12-14T12:48:36.659Z] > command requires scopes: ["email","openid","https://www.googleapis.com/auth/cloudplatformprojects.readonly","https://www.googleapis.com/auth/firebase","https://www.googleapis.com/auth/cloud-platform"]
[debug] [2023-12-14T12:48:36.660Z] > authorizing via signed-in user (qalameabd@gmail.com)
[info] 
     ######## #### ########  ######## ########     ###     ######  ########
     ##        ##  ##     ## ##       ##     ##  ##   ##  ##       ##
     ######    ##  ########  ######   ########  #########  ######  ######
     ##        ##  ##    ##  ##       ##     ## ##     ##       ## ##
     ##       #### ##     ## ######## ########  ##     ##  ######  ########

You're about to initialize a Firebase project in this directory:

  C:\Users\qalam\OneDrive\Desktop\pairPrep\client\src

[debug] [2023-12-14T12:48:37.328Z] <<< [apiv2][status] GET https://firebase-public.firebaseio.com/cli.json 200
[debug] [2023-12-14T12:48:37.329Z] <<< [apiv2][body] GET https://firebase-public.firebaseio.com/cli.json {"cloudBuildErrorAfter":1594252800000,"cloudBuildWarnAfter":1590019200000,"defaultNode10After":1594252800000,"minVersion":"3.0.5","node8DeploysDisabledAfter":1613390400000,"node8RuntimeDisabledAfter":1615809600000,"node8WarnAfter":1600128000000}
